0 info it worked if it ends with ok
1 verbose cli [ 'C:\\Program Files (x86)\\nodejs\\node.exe',
1 verbose cli   'C:\\Program Files (x86)\\nodejs\\node_modules\\npm\\bin\\npm-cli.js',
1 verbose cli   'run',
1 verbose cli   'serve' ]
2 info using npm@3.10.10
3 info using node@v6.10.3
4 verbose run-script [ 'preserve', 'serve', 'postserve' ]
5 info lifecycle angular-quickstart@1.0.0~preserve: angular-quickstart@1.0.0
6 silly lifecycle angular-quickstart@1.0.0~preserve: no script for preserve, continuing
7 info lifecycle angular-quickstart@1.0.0~serve: angular-quickstart@1.0.0
8 verbose lifecycle angular-quickstart@1.0.0~serve: unsafe-perm in lifecycle true
9 verbose lifecycle angular-quickstart@1.0.0~serve: PATH: C:\Program Files (x86)\nodejs\node_modules\npm\bin\node-gyp-bin;C:\Users\parker19\Documents\Git Repo\PersonalWebsite\node_modules\.bin;C:\Program Files (x86)\nodejs\node_modules\npm\bin\node-gyp-bin;C:\Users\parker19\Documents\Git Repo\PersonalWebsite\node_modules\.bin;C:\ProgramData\Oracle\Java\javapath;C:\WINDOWS\system32;C:\WINDOWS;C:\WINDOWS\System32\Wbem;C:\WINDOWS\System32\WindowsPowerShell\v1.0\;C:\Program Files (x86)\PharosSystems\Core;C:\Program Files (x86)\GtkSharp\2.12\bin;C:\Users\parker19\.dnx\bin;C:\Program Files\Microsoft DNX\Dnvm\;C:\Program Files\Microsoft SQL Server\130\Tools\Binn\;C:\Program Files (x86)\nodejs\;C:\Program Files\Git\cmd;C:\Program Files (x86)\OpenVPN\bin;C:\Users\parker19\AppData\Local\Microsoft\WindowsApps;C:\Program Files\Bandizip\;C:\Users\parker19\AppData\Roaming\npm;C:\Program Files (x86)\Microsoft VS Code\bin;C:\Program Files\Git\usr\bin;
10 verbose lifecycle angular-quickstart@1.0.0~serve: CWD: C:\Users\parker19\Documents\Git Repo\PersonalWebsite
11 silly lifecycle angular-quickstart@1.0.0~serve: Args: [ '/d /s /c', 'lite-server -c=bs-config.json' ]
12 silly lifecycle angular-quickstart@1.0.0~serve: Returned: code: 1  signal: null
13 info lifecycle angular-quickstart@1.0.0~serve: Failed to exec serve script
14 verbose stack Error: angular-quickstart@1.0.0 serve: `lite-server -c=bs-config.json`
14 verbose stack Exit status 1
14 verbose stack     at EventEmitter.<anonymous> (C:\Program Files (x86)\nodejs\node_modules\npm\lib\utils\lifecycle.js:255:16)
14 verbose stack     at emitTwo (events.js:106:13)
14 verbose stack     at EventEmitter.emit (events.js:191:7)
14 verbose stack     at ChildProcess.<anonymous> (C:\Program Files (x86)\nodejs\node_modules\npm\lib\utils\spawn.js:40:14)
14 verbose stack     at emitTwo (events.js:106:13)
14 verbose stack     at ChildProcess.emit (events.js:191:7)
14 verbose stack     at maybeClose (internal/child_process.js:886:16)
14 verbose stack     at Process.ChildProcess._handle.onexit (internal/child_process.js:226:5)
15 verbose pkgid angular-quickstart@1.0.0
16 verbose cwd C:\Users\parker19\Documents\Git Repo\PersonalWebsite
17 error Windows_NT 10.0.15063
18 error argv "C:\\Program Files (x86)\\nodejs\\node.exe" "C:\\Program Files (x86)\\nodejs\\node_modules\\npm\\bin\\npm-cli.js" "run" "serve"
19 error node v6.10.3
20 error npm  v3.10.10
21 error code ELIFECYCLE
22 error angular-quickstart@1.0.0 serve: `lite-server -c=bs-config.json`
22 error Exit status 1
23 error Failed at the angular-quickstart@1.0.0 serve script 'lite-server -c=bs-config.json'.
23 error Make sure you have the latest version of node.js and npm installed.
23 error If you do, this is most likely a problem with the angular-quickstart package,
23 error not with npm itself.
23 error Tell the author that this fails on your system:
23 error     lite-server -c=bs-config.json
23 error You can get information on how to open an issue for this project with:
23 error     npm bugs angular-quickstart
23 error Or if that isn't available, you can get their info via:
23 error     npm owner ls angular-quickstart
23 error There is likely additional logging output above.
24 verbose exit [ 1, true ]
